<?xml version="1.0" encoding="UTF-8"?>
<testsuite name="uk.co.desirableobjects.sendgrid.EmailAttachmentsIntegrationSpec" tests="1" skipped="1" failures="0" errors="0" timestamp="2016-08-16T23:54:56" hostname="Roberto-MacBook-Pro.local" time="0.0">
  <properties/>
  <testcase name="send an email with an attachment" classname="uk.co.desirableobjects.sendgrid.EmailAttachmentsIntegrationSpec" time="0.0">
    <skipped/>
  </testcase>
  <system-out><![CDATA[]]></system-out>
  <system-err><![CDATA[]]></system-err>
</testsuite>
