<?xml version="1.0" encoding="UTF-8"?>
<testsuite name="uk.co.desirableobjects.sendgrid.SendGridEmailBuilderSpec" tests="15" skipped="0" failures="0" errors="0" timestamp="2016-08-16T23:54:53" hostname="Roberto-MacBook-Pro.local" time="0.616">
  <properties/>
  <testcase name="Builder can build emails" classname="uk.co.desirableobjects.sendgrid.SendGridEmailBuilderSpec" time="0.551"/>
  <testcase name="Builder attempts to build invalid email combination uk.co.desirableobjects.sendgrid.SendGridEmailBuilder@2496d73b" classname="uk.co.desirableobjects.sendgrid.SendGridEmailBuilderSpec" time="0.004"/>
  <testcase name="Builder attempts to build invalid email combination uk.co.desirableobjects.sendgrid.SendGridEmailBuilder@46afec8a" classname="uk.co.desirableobjects.sendgrid.SendGridEmailBuilderSpec" time="0.001"/>
  <testcase name="Builder attempts to build invalid email combination uk.co.desirableobjects.sendgrid.SendGridEmailBuilder@5492c46b" classname="uk.co.desirableobjects.sendgrid.SendGridEmailBuilderSpec" time="0.002"/>
  <testcase name="Builder can take a recipient with a display name" classname="uk.co.desirableobjects.sendgrid.SendGridEmailBuilderSpec" time="0.002"/>
  <testcase name="Builder can take multiple recipients" classname="uk.co.desirableobjects.sendgrid.SendGridEmailBuilderSpec" time="0.003"/>
  <testcase name="Builder can take a sender with a display name" classname="uk.co.desirableobjects.sendgrid.SendGridEmailBuilderSpec" time="0.001"/>
  <testcase name="Builder can add Bccs" classname="uk.co.desirableobjects.sendgrid.SendGridEmailBuilderSpec" time="0.003"/>
  <testcase name="Builder correctly translates optional parameters" classname="uk.co.desirableobjects.sendgrid.SendGridEmailBuilderSpec" time="0.005"/>
  <testcase name="Builder can add Headers" classname="uk.co.desirableobjects.sendgrid.SendGridEmailBuilderSpec" time="0.021"/>
  <testcase name="Builder can add Custom handling instructions" classname="uk.co.desirableobjects.sendgrid.SendGridEmailBuilderSpec" time="0.002"/>
  <testcase name="Builder can add Custom handling instructions which are maps" classname="uk.co.desirableobjects.sendgrid.SendGridEmailBuilderSpec" time="0.002"/>
  <testcase name="Builder can add attachments" classname="uk.co.desirableobjects.sendgrid.SendGridEmailBuilderSpec" time="0.006"/>
  <testcase name="Builder does not accept attachments with brackets in name" classname="uk.co.desirableobjects.sendgrid.SendGridEmailBuilderSpec" time="0.002"/>
  <testcase name="Builder can add sendgrid api credentials" classname="uk.co.desirableobjects.sendgrid.SendGridEmailBuilderSpec" time="0.001"/>
  <system-out><![CDATA[]]></system-out>
  <system-err><![CDATA[]]></system-err>
</testsuite>
