<?xml version="1.0" encoding="UTF-8"?>
<testsuite name="uk.co.desirableobjects.sendgrid.SendGridServiceSpec" tests="6" skipped="0" failures="0" errors="0" timestamp="2016-08-16T23:54:54" hostname="Roberto-MacBook-Pro.local" time="0.046">
  <properties/>
  <testcase name="Send an email" classname="uk.co.desirableobjects.sendgrid.SendGridServiceSpec" time="0.018"/>
  <testcase name="Send a text email using the mail plugin DSL" classname="uk.co.desirableobjects.sendgrid.SendGridServiceSpec" time="0.009"/>
  <testcase name="Send a html email using the mail plugin DSL" classname="uk.co.desirableobjects.sendgrid.SendGridServiceSpec" time="0.004"/>
  <testcase name="Send a text email with multiple recipients" classname="uk.co.desirableobjects.sendgrid.SendGridServiceSpec" time="0.004"/>
  <testcase name="Send an email with attachments" classname="uk.co.desirableobjects.sendgrid.SendGridServiceSpec" time="0.004"/>
  <testcase name="Send an email with specific api credentials" classname="uk.co.desirableobjects.sendgrid.SendGridServiceSpec" time="0.005"/>
  <system-out><![CDATA[]]></system-out>
  <system-err><![CDATA[]]></system-err>
</testsuite>
